-encoding
UTF-8
-outxml
-source
1.6
-target
1.6
-classpath
C:\Users\berz\.m2\repository\com\google\code\gson\gson\1.7.1\gson-1.7.1.jar;C:\Users\berz\.m2\repository\log4j\log4j\1.2.17\log4j-1.2.17.jar;C:\Users\berz\.m2\repository\org\slf4j\slf4j-api\1.7.5\slf4j-api-1.7.5.jar;C:\Users\berz\.m2\repository\org\slf4j\jcl-over-slf4j\1.7.5\jcl-over-slf4j-1.7.5.jar;C:\Users\berz\.m2\repository\org\slf4j\slf4j-log4j12\1.7.5\slf4j-log4j12-1.7.5.jar;C:\Users\berz\.m2\repository\org\aspectj\aspectjrt\1.7.4\aspectjrt-1.7.4.jar;C:\Users\berz\.m2\repository\org\aspectj\aspectjweaver\1.7.4\aspectjweaver-1.7.4.jar;C:\Users\berz\.m2\repository\javax\servlet\servlet-api\2.5\servlet-api-2.5.jar;C:\Users\berz\.m2\repository\net\sf\flexjson\flexjson\2.1\flexjson-2.1.jar;C:\Users\berz\.m2\repository\org\apache\commons\commons-lang3\3.1\commons-lang3-3.1.jar;C:\Users\berz\.m2\repository\org\springframework\roo\org.springframework.roo.annotations\1.2.5.RELEASE\org.springframework.roo.annotations-1.2.5.RELEASE.jar;C:\Users\berz\.m2\repository\org\springframework\spring-core\3.2.6.RELEASE\spring-core-3.2.6.RELEASE.jar;C:\Users\berz\.m2\repository\org\springframework\spring-context\3.2.6.RELEASE\spring-context-3.2.6.RELEASE.jar;C:\Users\berz\.m2\repository\org\springframework\spring-aop\3.2.6.RELEASE\spring-aop-3.2.6.RELEASE.jar;C:\Users\berz\.m2\repository\org\springframework\spring-aspects\3.2.6.RELEASE\spring-aspects-3.2.6.RELEASE.jar;C:\Users\berz\.m2\repository\org\springframework\security\spring-security-core\3.2.0.RC2\spring-security-core-3.2.0.RC2.jar;C:\Users\berz\.m2\repository\org\springframework\security\spring-security-web\3.2.0.RC2\spring-security-web-3.2.0.RC2.jar;C:\Users\berz\.m2\repository\org\springframework\security\spring-security-config\3.2.0.RC2\spring-security-config-3.2.0.RC2.jar;C:\Users\berz\.m2\repository\org\springframework\security\spring-security-taglibs\3.2.0.RC2\spring-security-taglibs-3.2.0.RC2.jar;C:\Users\berz\.m2\repository\postgresql\postgresql\9.1-901-1.jdbc4\postgresql-9.1-901-1.jdbc4.jar;C:\Users\berz\.m2\repository\org\hibernate\hibernate-core\4.2.2.Final\hibernate-core-4.2.2.Final.jar;C:\Users\berz\.m2\repository\org\hibernate\hibernate-entitymanager\4.2.2.Final\hibernate-entitymanager-4.2.2.Final.jar;C:\Users\berz\.m2\repository\org\hibernate\javax\persistence\hibernate-jpa-2.0-api\1.0.1.Final\hibernate-jpa-2.0-api-1.0.1.Final.jar;C:\Users\berz\.m2\repository\commons-collections\commons-collections\3.2.1\commons-collections-3.2.1.jar;C:\Users\berz\.m2\repository\org\hibernate\hibernate-validator\4.3.1.Final\hibernate-validator-4.3.1.Final.jar;C:\Users\berz\.m2\repository\javax\validation\validation-api\1.0.0.GA\validation-api-1.0.0.GA.jar;C:\Users\berz\.m2\repository\javax\transaction\jta\1.1\jta-1.1.jar;C:\Users\berz\.m2\repository\org\springframework\spring-jdbc\3.2.6.RELEASE\spring-jdbc-3.2.6.RELEASE.jar;C:\Users\berz\.m2\repository\org\springframework\spring-orm\3.2.6.RELEASE\spring-orm-3.2.6.RELEASE.jar;C:\Users\berz\.m2\repository\commons-pool\commons-pool\1.5.6\commons-pool-1.5.6.jar;C:\Users\berz\.m2\repository\commons-dbcp\commons-dbcp\1.4\commons-dbcp-1.4.jar;C:\Users\berz\.m2\repository\org\springframework\spring-webmvc\3.2.6.RELEASE\spring-webmvc-3.2.6.RELEASE.jar;C:\Users\berz\.m2\repository\org\springframework\webflow\spring-js-resources\2.2.1.RELEASE\spring-js-resources-2.2.1.RELEASE.jar;C:\Users\berz\.m2\repository\commons-digester\commons-digester\2.1\commons-digester-2.1.jar;C:\Users\berz\.m2\repository\commons-fileupload\commons-fileupload\1.2.2\commons-fileupload-1.2.2.jar;C:\Users\berz\.m2\repository\javax\servlet\jsp\jstl\jstl-api\1.2\jstl-api-1.2.jar;C:\Users\berz\.m2\repository\org\glassfish\web\jstl-impl\1.2\jstl-impl-1.2.jar;C:\Users\berz\.m2\repository\javax\el\el-api\2.2\el-api-2.2.jar;C:\Users\berz\.m2\repository\joda-time\joda-time\1.6\joda-time-1.6.jar;C:\Users\berz\.m2\repository\javax\servlet\jsp\jsp-api\2.1\jsp-api-2.1.jar;C:\Users\berz\.m2\repository\commons-codec\commons-codec\1.5\commons-codec-1.5.jar;C:\Users\berz\.m2\repository\org\apache\tiles\tiles-jsp\2.2.2\tiles-jsp-2.2.2.jar;C:\Users\berz\.m2\repository\commons-io\commons-io\2.4\commons-io-2.4.jar;C:\Users\berz\.m2\repository\aopalliance\aopalliance\1.0\aopalliance-1.0.jar;C:\Users\berz\.m2\repository\org\springframework\spring-beans\3.2.6.RELEASE\spring-beans-3.2.6.RELEASE.jar;C:\Users\berz\.m2\repository\org\springframework\spring-expression\3.2.6.RELEASE\spring-expression-3.2.6.RELEASE.jar;C:\Users\berz\.m2\repository\org\springframework\spring-context-support\3.2.6.RELEASE\spring-context-support-3.2.6.RELEASE.jar;C:\Users\berz\.m2\repository\org\springframework\spring-web\3.2.4.RELEASE\spring-web-3.2.4.RELEASE.jar;C:\Users\berz\.m2\repository\org\springframework\security\spring-security-acl\3.2.0.RC2\spring-security-acl-3.2.0.RC2.jar;C:\Users\berz\.m2\repository\org\springframework\spring-tx\3.2.6.RELEASE\spring-tx-3.2.6.RELEASE.jar;C:\Users\berz\.m2\repository\antlr\antlr\2.7.7\antlr-2.7.7.jar;C:\Users\berz\.m2\repository\org\jboss\logging\jboss-logging\3.1.0.GA\jboss-logging-3.1.0.GA.jar;C:\Users\berz\.m2\repository\dom4j\dom4j\1.6.1\dom4j-1.6.1.jar;C:\Users\berz\.m2\repository\org\jboss\spec\javax\transaction\jboss-transaction-api_1.1_spec\1.0.1.Final\jboss-transaction-api_1.1_spec-1.0.1.Final.jar;C:\Users\berz\.m2\repository\org\hibernate\common\hibernate-commons-annotations\4.0.2.Final\hibernate-commons-annotations-4.0.2.Final.jar;C:\Users\berz\.m2\repository\org\javassist\javassist\3.15.0-GA\javassist-3.15.0-GA.jar;C:\Users\berz\.m2\repository\commons-beanutils\commons-beanutils\1.8.3\commons-beanutils-1.8.3.jar;C:\Users\berz\.m2\repository\org\apache\tiles\tiles-servlet\2.2.2\tiles-servlet-2.2.2.jar;C:\Users\berz\.m2\repository\org\apache\tiles\tiles-core\2.2.2\tiles-core-2.2.2.jar;C:\Users\berz\.m2\repository\org\apache\tiles\tiles-api\2.2.2\tiles-api-2.2.2.jar;C:\Users\berz\.m2\repository\org\apache\tiles\tiles-template\2.2.2\tiles-template-2.2.2.jar;C:\projects\tadjinsurance\target\classes
-aspectpath
C:\Users\berz\.m2\repository\org\springframework\spring-aspects\3.2.6.RELEASE\spring-aspects-3.2.6.RELEASE.jar
-d
C:\projects\tadjinsurance\target\classes
C:\projects\tadjinsurance\src\main\java\com\tajinsurance\domain\CatContract.java
C:\projects\tadjinsurance\src\main\java\com\tajinsurance\domain\CatContractLocaleEntity.java
C:\projects\tadjinsurance\src\main\java\com\tajinsurance\domain\CatContractRisk.java
C:\projects\tadjinsurance\src\main\java\com\tajinsurance\domain\CatContractStatus.java
C:\projects\tadjinsurance\src\main\java\com\tajinsurance\domain\CatContractStatusLocaleEntity.java
C:\projects\tadjinsurance\src\main\java\com\tajinsurance\domain\Contract.java
C:\projects\tadjinsurance\src\main\java\com\tajinsurance\domain\ContractPremium.java
C:\projects\tadjinsurance\src\main\java\com\tajinsurance\domain\Contract_Roo_Configurable.aj
C:\projects\tadjinsurance\src\main\java\com\tajinsurance\domain\Contract_Roo_JavaBean.aj
C:\projects\tadjinsurance\src\main\java\com\tajinsurance\domain\Contract_Roo_Jpa_ActiveRecord.aj
C:\projects\tadjinsurance\src\main\java\com\tajinsurance\domain\Contract_Roo_Jpa_Entity.aj
C:\projects\tadjinsurance\src\main\java\com\tajinsurance\domain\Contract_Roo_ToString.aj
C:\projects\tadjinsurance\src\main\java\com\tajinsurance\domain\Currency.java
C:\projects\tadjinsurance\src\main\java\com\tajinsurance\domain\Division.java
C:\projects\tadjinsurance\src\main\java\com\tajinsurance\domain\LocaleEntity.java
C:\projects\tadjinsurance\src\main\java\com\tajinsurance\domain\Partner.java
C:\projects\tadjinsurance\src\main\java\com\tajinsurance\domain\Person.java
C:\projects\tadjinsurance\src\main\java\com\tajinsurance\domain\Risk.java
C:\projects\tadjinsurance\src\main\java\com\tajinsurance\domain\User.java
C:\projects\tadjinsurance\src\main\java\com\tajinsurance\domain\UserRole.java
C:\projects\tadjinsurance\src\main\java\com\tajinsurance\dto\AjaxAction.java
C:\projects\tadjinsurance\src\main\java\com\tajinsurance\dto\CalculateRiskAjaxAction.java
C:\projects\tadjinsurance\src\main\java\com\tajinsurance\dto\ContractPremiumAjax.java
C:\projects\tadjinsurance\src\main\java\com\tajinsurance\dto\ContractPrintAjax.java
C:\projects\tadjinsurance\src\main\java\com\tajinsurance\dto\DeletePremuimAjaxAction.java
C:\projects\tadjinsurance\src\main\java\com\tajinsurance\dto\PersonAjax.java
C:\projects\tadjinsurance\src\main\java\com\tajinsurance\dto\PersonSaveAjaxAction.java
C:\projects\tadjinsurance\src\main\java\com\tajinsurance\dto\RiskAjax.java
C:\projects\tadjinsurance\src\main\java\com\tajinsurance\exceptions\EntityNotSavedException.java
C:\projects\tadjinsurance\src\main\java\com\tajinsurance\exceptions\NoEntityException.java
C:\projects\tadjinsurance\src\main\java\com\tajinsurance\service\CatContractService.java
C:\projects\tadjinsurance\src\main\java\com\tajinsurance\service\CatContractServiceImpl.java
C:\projects\tadjinsurance\src\main\java\com\tajinsurance\service\CatContractStatusService.java
C:\projects\tadjinsurance\src\main\java\com\tajinsurance\service\CatContractStatusServiceImpl.java
C:\projects\tadjinsurance\src\main\java\com\tajinsurance\service\ContractService.java
C:\projects\tadjinsurance\src\main\java\com\tajinsurance\service\ContractServiceImpl.java
C:\projects\tadjinsurance\src\main\java\com\tajinsurance\service\PartnerService.java
C:\projects\tadjinsurance\src\main\java\com\tajinsurance\service\PartnerServiceImpl.java
C:\projects\tadjinsurance\src\main\java\com\tajinsurance\service\PersonService.java
C:\projects\tadjinsurance\src\main\java\com\tajinsurance\service\PersonServiceImpl.java
C:\projects\tadjinsurance\src\main\java\com\tajinsurance\service\PremiumService.java
C:\projects\tadjinsurance\src\main\java\com\tajinsurance\service\PremiumServiceImpl.java
C:\projects\tadjinsurance\src\main\java\com\tajinsurance\service\RiskService.java
C:\projects\tadjinsurance\src\main\java\com\tajinsurance\service\RiskServiceImpl.java
C:\projects\tadjinsurance\src\main\java\com\tajinsurance\utils\CodeUtils.java
C:\projects\tadjinsurance\src\main\java\com\tajinsurance\utils\CodeUtilsImpl.java
C:\projects\tadjinsurance\src\main\java\com\tajinsurance\utils\UserDetailsServiceImpl.java
C:\projects\tadjinsurance\src\main\java\com\tajinsurance\utils\UserLoginUtil.java
C:\projects\tadjinsurance\src\main\java\com\tajinsurance\utils\UserLoginUtilImpl.java
C:\projects\tadjinsurance\src\main\java\com\tajinsurance\web\AjaxController.java
C:\projects\tadjinsurance\src\main\java\com\tajinsurance\web\ApplicationConversionServiceFactoryBean.java
C:\projects\tadjinsurance\src\main\java\com\tajinsurance\web\ApplicationConversionServiceFactoryBean_Roo_ConversionService.aj
C:\projects\tadjinsurance\src\main\java\com\tajinsurance\web\ContractController.java
C:\projects\tadjinsurance\src\main\java\com\tajinsurance\web\ContractController_Roo_Controller.aj
C:\projects\tadjinsurance\src\main\java\com\tajinsurance\web\IndexController.java
C:\projects\tadjinsurance\src\main\java\com\tajinsurance\web\LoginController.java
C:\projects\tadjinsurance\src\main\java\com\tajinsurance\web\PersonController.java
C:\projects\tadjinsurance\src\main\java\com\tajinsurance\web\RiskController.java
